<?xml version="1.0" encoding="UTF-8"?>
<coverage generated="1606748769262" clover="3.2.0">
  <project timestamp="1606748769262" name="All files">
    <metrics statements="10" coveredstatements="8" conditionals="0" coveredconditionals="0" methods="7" coveredmethods="5" elements="17" coveredelements="13" complexity="0" loc="10" ncloc="10" packages="1" files="2" classes="2"/>
    <file name="accountHistory.js" path="/Users/emily-alicemsesto/Documents/Projects/week-10/bank-javascript/accountHistory.js">
      <metrics statements="3" coveredstatements="2" conditionals="0" coveredconditionals="0" methods="3" coveredmethods="2"/>
      <line num="3" count="1" type="stmt"/>
      <line num="7" count="1" type="stmt"/>
      <line num="11" count="0" type="stmt"/>
    </file>
    <file name="bankAccount.js" path="/Users/emily-alicemsesto/Documents/Projects/week-10/bank-javascript/bankAccount.js">
      <metrics statements="7" coveredstatements="6" conditionals="0" coveredconditionals="0" methods="4" coveredmethods="3"/>
      <line num="5" count="5" type="stmt"/>
      <line num="6" count="5" type="stmt"/>
      <line num="10" count="0" type="stmt"/>
      <line num="14" count="3" type="stmt"/>
      <line num="15" count="3" type="stmt"/>
      <line num="19" count="2" type="stmt"/>
      <line num="20" count="2" type="stmt"/>
    </file>
  </project>
</coverage>
