{"/Users/emily-alicemsesto/Documents/Projects/week-10/bank-javascript/accountHistory.js": {"path":"/Users/emily-alicemsesto/Documents/Projects/week-10/bank-javascript/accountHistory.js","statementMap":{"0":{"start":{"line":3,"column":4},"end":{"line":3,"column":21}},"1":{"start":{"line":7,"column":4},"end":{"line":7,"column":53}},"2":{"start":{"line":11,"column":4},"end":{"line":11,"column":23}}},"fnMap":{"0":{"name":"(anonymous_0)","decl":{"start":{"line":2,"column":2},"end":{"line":2,"column":3}},"loc":{"start":{"line":2,"column":16},"end":{"line":4,"column":3}},"line":2},"1":{"name":"(anonymous_1)","decl":{"start":{"line":6,"column":2},"end":{"line":6,"column":3}},"loc":{"start":{"line":6,"column":23},"end":{"line":8,"column":3}},"line":6},"2":{"name":"(anonymous_2)","decl":{"start":{"line":10,"column":2},"end":{"line":10,"column":3}},"loc":{"start":{"line":10,"column":12},"end":{"line":12,"column":3}},"line":10}},"branchMap":{},"s":{"0":1,"1":1,"2":0},"f":{"0":1,"1":1,"2":0},"b":{},"_coverageSchema":"1a1c01bbd47fc00a2c39e90264f33305004495a9","hash":"ade8579799f08d05948c897a119503a56d6327c3"}
,"/Users/emily-alicemsesto/Documents/Projects/week-10/bank-javascript/bankAccount.js": {"path":"/Users/emily-alicemsesto/Documents/Projects/week-10/bank-javascript/bankAccount.js","statementMap":{"0":{"start":{"line":5,"column":4},"end":{"line":5,"column":20}},"1":{"start":{"line":6,"column":4},"end":{"line":6,"column":40}},"2":{"start":{"line":10,"column":4},"end":{"line":10,"column":23}},"3":{"start":{"line":14,"column":4},"end":{"line":14,"column":26}},"4":{"start":{"line":15,"column":4},"end":{"line":15,"column":41}},"5":{"start":{"line":19,"column":4},"end":{"line":19,"column":26}},"6":{"start":{"line":20,"column":4},"end":{"line":20,"column":40}}},"fnMap":{"0":{"name":"(anonymous_0)","decl":{"start":{"line":4,"column":2},"end":{"line":4,"column":3}},"loc":{"start":{"line":4,"column":16},"end":{"line":7,"column":3}},"line":4},"1":{"name":"(anonymous_1)","decl":{"start":{"line":9,"column":2},"end":{"line":9,"column":3}},"loc":{"start":{"line":9,"column":12},"end":{"line":11,"column":3}},"line":9},"2":{"name":"(anonymous_2)","decl":{"start":{"line":13,"column":2},"end":{"line":13,"column":3}},"loc":{"start":{"line":13,"column":18},"end":{"line":16,"column":3}},"line":13},"3":{"name":"(anonymous_3)","decl":{"start":{"line":18,"column":2},"end":{"line":18,"column":3}},"loc":{"start":{"line":18,"column":19},"end":{"line":21,"column":3}},"line":18}},"branchMap":{},"s":{"0":5,"1":5,"2":0,"3":3,"4":3,"5":2,"6":2},"f":{"0":5,"1":0,"2":3,"3":2},"b":{},"_coverageSchema":"1a1c01bbd47fc00a2c39e90264f33305004495a9","hash":"97e8135d8ae8976d38f689dac0aa2707185de95a"}
}
